[backblue.gif]
[fade.gif]
[index.html]
[madewithgsap.com/assets/img/fav/apple-touch-icon.png]
[madewithgsap.com/assets/img/fav/favicon-96x96.png]
[madewithgsap.com/assets/img/fav/favicon.ico]
[madewithgsap.com/assets/tutorial/prism.css]
[www.googletagmanager.com/gtag/js.89078.delayed]
[madewithgsap.com/get-started.html]
[madewithgsap.com_443/effects/index.html]
[madewithgsap.com/faq.html]
[madewithgsap.com/login.html]
[pub-8ca9b5847fbb4d4fb97b3497fb9521d5.r2.dev/hero_optim.12.delayed]
[madewithgsap.com/assets/img/logos1.png]
[madewithgsap.com/assets/img/logos2.png]
[madewithgsap.com/assets/img/1.png]
[madewithgsap.com/assets/img/2.png]
[madewithgsap.com/assets/img/3.png]
[pub-8ca9b5847fbb4d4fb97b3497fb9521d5.r2.dev/tutorial-optim.mp4]
[madewithgsap.com/assets/img/bio1.png]
[michaelg.fr/index.html]
[madewithgsap.com/assets/img/bio2.png]
[madewithgsap.com/permissions-terms.html]
[madewithgsap.com/privacy-policy.html]
[madewithgsap.com/assets/landing/gsap.js]
[madewithgsap.com/assets/landing/scrolltrigger.js]
[madewithgsap.com/assets/landing/customease.js]
[madewithgsap.com/assets/landing/lenis.js]
[madewithgsap.com/assets/tutorial/prism.js]
[madewithgsap.com/assets/landing/InertiaPlugin.min.js]
[madewithgsap.com/assets/landing/app2.js]
[madewithgsap.com/index.html]
[madewithgsap.com/assets/img/og.html]
[madewithgsap.com/assets/collection/thumb_webp/000.webp]
[pub-8ca9b5847fbb4d4fb97b3497fb9521d5.r2.dev/video_OPTIM/000.mp4]
[madewithgsap.com/effects/effect000.html]
[madewithgsap.com/effects/tutorial000.html]
[madewithgsap.com/assets/collection/thumb_webp/001.webp]
[pub-8ca9b5847fbb4d4fb97b3497fb9521d5.r2.dev/video_OPTIM/001.mp4]
[madewithgsap.com/effects/effect001.html]
[madewithgsap.com/effects/tutorial001.html]
[madewithgsap.com/assets/collection/thumb_webp/002.webp]
[pub-8ca9b5847fbb4d4fb97b3497fb9521d5.r2.dev/video_OPTIM/002.mp4]
[madewithgsap.com/effects/effect002.html]
[madewithgsap.com/effects/tutorial002.html]
[madewithgsap.com/assets/collection/thumb_webp/003.webp]
[pub-8ca9b5847fbb4d4fb97b3497fb9521d5.r2.dev/video_OPTIM/003.mp4]
[madewithgsap.com/effects/effect003.html]
[madewithgsap.com/effects/tutorial003.html]
[madewithgsap.com/assets/collection/thumb_webp/004.webp]
[pub-8ca9b5847fbb4d4fb97b3497fb9521d5.r2.dev/video_OPTIM/004.mp4]
[madewithgsap.com/effects/effect004.html]
[madewithgsap.com/effects/tutorial004.html]
[madewithgsap.com/assets/collection/thumb_webp/005.webp]
[pub-8ca9b5847fbb4d4fb97b3497fb9521d5.r2.dev/video_OPTIM/005.mp4]
[madewithgsap.com/effects/effect005.html]
[madewithgsap.com/effects/tutorial005.html]
[madewithgsap.com/assets/collection/thumb_webp/006.webp]
[pub-8ca9b5847fbb4d4fb97b3497fb9521d5.r2.dev/video_OPTIM/006.mp4]
[madewithgsap.com/effects/effect006.html]
[madewithgsap.com/effects/tutorial006.html]
[madewithgsap.com/assets/collection/thumb_webp/007.webp]
[pub-8ca9b5847fbb4d4fb97b3497fb9521d5.r2.dev/video_OPTIM/007.mp4]
[madewithgsap.com/effects/effect007.html]
[madewithgsap.com/effects/tutorial007.html]
[madewithgsap.com/assets/collection/thumb_webp/008.webp]
[pub-8ca9b5847fbb4d4fb97b3497fb9521d5.r2.dev/video_OPTIM/008.mp4]
[madewithgsap.com/effects/effect008.html]
[madewithgsap.com/effects/tutorial008.html]
[madewithgsap.com/assets/collection/thumb_webp/009.webp]
[pub-8ca9b5847fbb4d4fb97b3497fb9521d5.r2.dev/video_OPTIM/009.mp4]
[madewithgsap.com/effects/effect009.html]
[madewithgsap.com/effects/tutorial009.html]
[madewithgsap.com/assets/collection/thumb_webp/010.webp]
[pub-8ca9b5847fbb4d4fb97b3497fb9521d5.r2.dev/video_OPTIM/010.mp4]
[madewithgsap.com/effects/effect010.html]
[madewithgsap.com/effects/tutorial010.html]
[madewithgsap.com/assets/collection/thumb_webp/011.webp]
[pub-8ca9b5847fbb4d4fb97b3497fb9521d5.r2.dev/video_OPTIM/011.mp4]
[madewithgsap.com/effects/effect011.html]
[madewithgsap.com/effects/tutorial011.html]
[madewithgsap.com/assets/collection/thumb_webp/012.webp]
[pub-8ca9b5847fbb4d4fb97b3497fb9521d5.r2.dev/video_OPTIM/012.mp4]
[madewithgsap.com/effects/effect012.html]
[madewithgsap.com/effects/tutorial012.html]
[madewithgsap.com/assets/collection/thumb_webp/013.webp]
[pub-8ca9b5847fbb4d4fb97b3497fb9521d5.r2.dev/video_OPTIM/013.mp4]
[madewithgsap.com/effects/effect013.html]
[madewithgsap.com/effects/tutorial013.html]
[madewithgsap.com/assets/collection/thumb_webp/014.webp]
[pub-8ca9b5847fbb4d4fb97b3497fb9521d5.r2.dev/video_OPTIM/014.mp4]
[madewithgsap.com/effects/effect014.html]
[madewithgsap.com/effects/tutorial014.html]
[madewithgsap.com/assets/collection/thumb_webp/015.webp]
[pub-8ca9b5847fbb4d4fb97b3497fb9521d5.r2.dev/video_OPTIM/015.mp4]
[madewithgsap.com/effects/effect015.html]
[madewithgsap.com/effects/tutorial015.html]
[madewithgsap.com/assets/collection/thumb_webp/016.webp]
[pub-8ca9b5847fbb4d4fb97b3497fb9521d5.r2.dev/video_OPTIM/016.mp4]
[madewithgsap.com/effects/effect016.html]
[madewithgsap.com/effects/tutorial016.html]
[madewithgsap.com/assets/collection/thumb_webp/017.webp]
[pub-8ca9b5847fbb4d4fb97b3497fb9521d5.r2.dev/video_OPTIM/017.mp4]
[madewithgsap.com/effects/effect017.html]
[madewithgsap.com/effects/tutorial017.html]
[madewithgsap.com/assets/collection/thumb_webp/018.webp]
[pub-8ca9b5847fbb4d4fb97b3497fb9521d5.r2.dev/video_OPTIM/018.mp4]
[madewithgsap.com/effects/effect018.html]
[madewithgsap.com/effects/tutorial018.html]
[madewithgsap.com/assets/collection/thumb_webp/019.webp]
[pub-8ca9b5847fbb4d4fb97b3497fb9521d5.r2.dev/video_OPTIM/019.mp4]
[madewithgsap.com/effects/effect019.html]
[madewithgsap.com/effects/tutorial019.html]
[madewithgsap.com/assets/collection/thumb_webp/020.webp]
[pub-8ca9b5847fbb4d4fb97b3497fb9521d5.r2.dev/video_OPTIM/020.mp4]
[madewithgsap.com/effects/effect020.html]
[madewithgsap.com/effects/tutorial020.html]
[madewithgsap.com/assets/collection/thumb_webp/021.webp]
[pub-8ca9b5847fbb4d4fb97b3497fb9521d5.r2.dev/video_OPTIM/021.mp4]
[madewithgsap.com/effects/effect021.html]
[madewithgsap.com/effects/tutorial021.html]
[madewithgsap.com/assets/collection/thumb_webp/022.webp]
[pub-8ca9b5847fbb4d4fb97b3497fb9521d5.r2.dev/video_OPTIM/022.mp4]
[madewithgsap.com/effects/effect022.html]
[madewithgsap.com/effects/tutorial022.html]
[madewithgsap.com/assets/collection/thumb_webp/023.webp]
[pub-8ca9b5847fbb4d4fb97b3497fb9521d5.r2.dev/video_OPTIM/023.mp4]
[madewithgsap.com/effects/effect023.html]
[madewithgsap.com/effects/tutorial023.html]
[madewithgsap.com/assets/collection/thumb_webp/024.webp]
[pub-8ca9b5847fbb4d4fb97b3497fb9521d5.r2.dev/video_OPTIM/024.mp4]
[madewithgsap.com/effects/effect024.html]
[madewithgsap.com/effects/tutorial024.html]
[madewithgsap.com/assets/collection/thumb_webp/025.webp]
[pub-8ca9b5847fbb4d4fb97b3497fb9521d5.r2.dev/video_OPTIM/025.mp4]
[madewithgsap.com/effects/effect025.html]
[madewithgsap.com/effects/tutorial025.html]
[madewithgsap.com/assets/collection/thumb_webp/026.webp]
[pub-8ca9b5847fbb4d4fb97b3497fb9521d5.r2.dev/video_OPTIM/026.mp4]
[madewithgsap.com/effects/effect026.html]
[madewithgsap.com/effects/tutorial026.html]
[madewithgsap.com/assets/collection/thumb_webp/027.webp]
[pub-8ca9b5847fbb4d4fb97b3497fb9521d5.r2.dev/video_OPTIM/027.mp4]
[madewithgsap.com/effects/effect027.html]
[madewithgsap.com/effects/tutorial027.html]
[madewithgsap.com/assets/collection/thumb_webp/028.webp]
[pub-8ca9b5847fbb4d4fb97b3497fb9521d5.r2.dev/video_OPTIM/028.mp4]
[madewithgsap.com/effects/effect028.html]
[madewithgsap.com/effects/tutorial028.html]
[madewithgsap.com/assets/collection/thumb_webp/029.webp]
[pub-8ca9b5847fbb4d4fb97b3497fb9521d5.r2.dev/video_OPTIM/029.mp4]
[madewithgsap.com/effects/effect029.html]
[madewithgsap.com/effects/tutorial029.html]
[madewithgsap.com/assets/collection/thumb_webp/030.webp]
[pub-8ca9b5847fbb4d4fb97b3497fb9521d5.r2.dev/video_OPTIM/030.mp4]
[madewithgsap.com/effects/effect030.html]
[madewithgsap.com/effects/tutorial030.html]
[madewithgsap.com/assets/collection/thumb_webp/031.webp]
[pub-8ca9b5847fbb4d4fb97b3497fb9521d5.r2.dev/video_OPTIM/031.mp4]
[madewithgsap.com/effects/effect031.html]
[madewithgsap.com/effects/tutorial031.html]
[madewithgsap.com/assets/collection/thumb_webp/032.webp]
[pub-8ca9b5847fbb4d4fb97b3497fb9521d5.r2.dev/video_OPTIM/032.mp4]
[madewithgsap.com/effects/effect032.html]
[madewithgsap.com/effects/tutorial032.html]
[madewithgsap.com/assets/collection/thumb_webp/033.webp]
[pub-8ca9b5847fbb4d4fb97b3497fb9521d5.r2.dev/video_OPTIM/033.mp4]
[madewithgsap.com/effects/effect033.html]
[madewithgsap.com/effects/tutorial033.html]
[madewithgsap.com/assets/collection/thumb_webp/034.webp]
[pub-8ca9b5847fbb4d4fb97b3497fb9521d5.r2.dev/video_OPTIM/034.mp4]
[madewithgsap.com/effects/effect034.html]
[madewithgsap.com/effects/tutorial034.html]
[madewithgsap.com/assets/collection/thumb_webp/035.webp]
[pub-8ca9b5847fbb4d4fb97b3497fb9521d5.r2.dev/video_OPTIM/035.mp4]
[madewithgsap.com/effects/effect035.html]
[madewithgsap.com/effects/tutorial035.html]
[madewithgsap.com/assets/collection/thumb_webp/036.webp]
[pub-8ca9b5847fbb4d4fb97b3497fb9521d5.r2.dev/video_OPTIM/036.mp4]
[madewithgsap.com/effects/effect036.html]
[madewithgsap.com/effects/tutorial036.html]
[madewithgsap.com/assets/collection/thumb_webp/037.webp]
[pub-8ca9b5847fbb4d4fb97b3497fb9521d5.r2.dev/video_OPTIM/037.mp4]
[madewithgsap.com/effects/effect037.html]
[madewithgsap.com/effects/tutorial037.html]
[madewithgsap.com/assets/collection/thumb_webp/038.webp]
[pub-8ca9b5847fbb4d4fb97b3497fb9521d5.r2.dev/video_OPTIM/038.mp4]
[madewithgsap.com/effects/effect038.html]
[madewithgsap.com/effects/tutorial038.html]
[madewithgsap.com/assets/collection/thumb_webp/039.webp]
[pub-8ca9b5847fbb4d4fb97b3497fb9521d5.r2.dev/video_OPTIM/039.mp4]
[madewithgsap.com/effects/effect039.html]
[madewithgsap.com/effects/tutorial039.html]
[madewithgsap.com/assets/collection/thumb_webp/040.webp]
[pub-8ca9b5847fbb4d4fb97b3497fb9521d5.r2.dev/video_OPTIM/040.mp4]
[madewithgsap.com/effects/effect040.html]
[madewithgsap.com/effects/tutorial040.html]
[madewithgsap.com/assets/collection/thumb_webp/041.webp]
[pub-8ca9b5847fbb4d4fb97b3497fb9521d5.r2.dev/video_OPTIM/041.mp4]
[madewithgsap.com/effects/effect041.html]
[madewithgsap.com/effects/tutorial041.html]
[madewithgsap.com/assets/collection/thumb_webp/042.webp]
[pub-8ca9b5847fbb4d4fb97b3497fb9521d5.r2.dev/video_OPTIM/042.mp4]
[madewithgsap.com/effects/effect042.html]
[madewithgsap.com/effects/tutorial042.html]
[madewithgsap.com/assets/collection/thumb_webp/043.webp]
[pub-8ca9b5847fbb4d4fb97b3497fb9521d5.r2.dev/video_OPTIM/043.mp4]
[madewithgsap.com/effects/effect043.html]
[madewithgsap.com/effects/tutorial043.html]
[madewithgsap.com/assets/collection/thumb_webp/044.webp]
[pub-8ca9b5847fbb4d4fb97b3497fb9521d5.r2.dev/video_OPTIM/044.mp4]
[madewithgsap.com/effects/effect044.html]
[madewithgsap.com/effects/tutorial044.html]
[madewithgsap.com/assets/collection/thumb_webp/045.webp]
[pub-8ca9b5847fbb4d4fb97b3497fb9521d5.r2.dev/video_OPTIM/045.mp4]
[madewithgsap.com/effects/effect045.html]
[madewithgsap.com/effects/tutorial045.html]
[madewithgsap.com/assets/collection/thumb_webp/046.webp]
[pub-8ca9b5847fbb4d4fb97b3497fb9521d5.r2.dev/video_OPTIM/046.mp4]
[madewithgsap.com/effects/effect046.html]
[madewithgsap.com/effects/tutorial046.html]
[madewithgsap.com/assets/collection/thumb_webp/047.webp]
[pub-8ca9b5847fbb4d4fb97b3497fb9521d5.r2.dev/video_OPTIM/047.mp4]
[madewithgsap.com/effects/effect047.html]
[madewithgsap.com/effects/tutorial047.html]
[madewithgsap.com/assets/collection/thumb_webp/048.webp]
[pub-8ca9b5847fbb4d4fb97b3497fb9521d5.r2.dev/video_OPTIM/048.mp4]
[madewithgsap.com/effects/effect048.html]
[madewithgsap.com/effects/tutorial048.html]
[madewithgsap.com/assets/collection/thumb_webp/049.webp]
[pub-8ca9b5847fbb4d4fb97b3497fb9521d5.r2.dev/video_OPTIM/049.mp4]
[madewithgsap.com/effects/effect049.html]
[madewithgsap.com/effects/tutorial049.html]
[madewithgsap.com/assets/collection/thumb_webp/050.webp]
[pub-8ca9b5847fbb4d4fb97b3497fb9521d5.r2.dev/video_OPTIM/050.mp4]
[madewithgsap.com/effects/effect050.html]
[madewithgsap.com_443/effects/index.html]
[madewithgsap.com/effects/tutorial050.html]
[madewithgsap.com/assets/img/card1.svg]
[madewithgsap.com/assets/img/card2.svg]
[madewithgsap.com/assets/img/card3.svg]
[madewithgsap.com/assets/img/i.svg]
[madewithgsap.com/assets/img/t.svg]
[michaelg.fr/favicon/favicon.ico]
[michaelg.fr/_payload.json]
[michaelg.fr/_nuxt/NeueMontreal-Medium.XOsqIUsc.woff2]
[michaelg.fr/_nuxt/NeueMontreal-Medium.D4f7Eszv.woff]
[michaelg.fr/_nuxt/entry.ek3VgjNu.css]
[michaelg.fr/_nuxt/entry.I5H0cf_D.js]
[michaelg.fr/_nuxt/error-404.YYg1p5uo.js]
[michaelg.fr/_nuxt/_plugin-vue_export-helper.x3n3nnut.js]
[michaelg.fr/_nuxt/error-500.oxVZo0zU.js]
[www.googletagmanager.com/gtag/js47fa]
[michaelg.fr/index.html]
[madewithgsap.com/assets/img/plusy.svg]
[madewithgsap.com/assets/img/enter-wh.svg]
[madewithgsap.com/permissions-terms.html]
[madewithgsap.com/privacy-policy.html]
[madewithgsap.com/file-access7e96.css]
[madewithgsap.com/effects/000/assets/medias/01.png]
[madewithgsap.com/effects/000/assets/medias/02.png]
[madewithgsap.com/effects/000/assets/medias/03.png]
[madewithgsap.com/effects/000/assets/medias/04.png]
[madewithgsap.com/effects/000/assets/medias/05.png]
[madewithgsap.com/effects/000/assets/medias/06.png]
[madewithgsap.com/effects/000/assets/medias/07.png]
[madewithgsap.com/effects/000/assets/medias/08.png]
[madewithgsap.com/effects/000/assets/medias/09.png]
[madewithgsap.com/effects/000/assets/medias/10.png]
[madewithgsap.com/effects/000/assets/medias/11.png]
[madewithgsap.com/effects/000/assets/medias/12.png]
[madewithgsap.com/file-access214a]
[madewithgsap.com/effects/effect000.html]
[madewithgsap.com/assets/img/tutorial/view-wh.svg]
[madewithgsap.com/mwg_00075cc.zip]
[madewithgsap.com/effects/tutorial000.html]
[madewithgsap.com/assets/img/collection/pen.svg]
[pub-8ca9b5847fbb4d4fb97b3497fb9521d5.r2.dev/pixel.mp4]
[madewithgsap.com/effects/effect001.html]
[madewithgsap.com/effects/tutorial001.html]
[madewithgsap.com/effects/effect002.html]
[madewithgsap.com/effects/tutorial002.html]
[madewithgsap.com/effects/effect003.html]
[madewithgsap.com/effects/tutorial003.html]
[madewithgsap.com/effects/effect004.html]
[madewithgsap.com/effects/tutorial004.html]
[madewithgsap.com/effects/effect005.html]
[madewithgsap.com/effects/tutorial005.html]
[madewithgsap.com/effects/effect006.html]
[madewithgsap.com/effects/tutorial006.html]
[madewithgsap.com/effects/effect007.html]
[madewithgsap.com/effects/tutorial007.html]
[madewithgsap.com/effects/effect008.html]
[madewithgsap.com/effects/tutorial008.html]
[madewithgsap.com/effects/effect009.html]
[madewithgsap.com/effects/tutorial009.html]
[madewithgsap.com/effects/effect010.html]
[madewithgsap.com/effects/tutorial010.html]
[madewithgsap.com/effects/effect011.html]
[madewithgsap.com/effects/tutorial011.html]
[madewithgsap.com/effects/effect012.html]
[madewithgsap.com/effects/tutorial012.html]
[madewithgsap.com/effects/effect013.html]
[madewithgsap.com/effects/tutorial013.html]
[madewithgsap.com/effects/effect014.html]
[madewithgsap.com/effects/tutorial014.html]
[madewithgsap.com/effects/effect015.html]
[madewithgsap.com/effects/tutorial015.html]
[madewithgsap.com/effects/effect016.html]
[madewithgsap.com/effects/tutorial016.html]
[madewithgsap.com/effects/effect017.html]
[madewithgsap.com/effects/tutorial017.html]
[madewithgsap.com/effects/effect018.html]
[madewithgsap.com/effects/tutorial018.html]
[madewithgsap.com/effects/effect019.html]
[madewithgsap.com/effects/tutorial019.html]
[madewithgsap.com/effects/effect020.html]
[madewithgsap.com/effects/tutorial020.html]
[madewithgsap.com/effects/effect021.html]
[madewithgsap.com/effects/tutorial021.html]
[madewithgsap.com/effects/effect022.html]
[madewithgsap.com/effects/tutorial022.html]
[madewithgsap.com/effects/effect023.html]
[madewithgsap.com/effects/tutorial023.html]
[madewithgsap.com/effects/effect024.html]
[madewithgsap.com/effects/tutorial024.html]
[madewithgsap.com/effects/effect025.html]
[madewithgsap.com/effects/tutorial025.html]
[madewithgsap.com/effects/effect026.html]
[madewithgsap.com/effects/tutorial026.html]
[madewithgsap.com/effects/effect027.html]
[madewithgsap.com/effects/tutorial027.html]
[madewithgsap.com/effects/effect028.html]
[madewithgsap.com/effects/tutorial028.html]
[madewithgsap.com/effects/effect029.html]
[madewithgsap.com/effects/tutorial029.html]
[madewithgsap.com/effects/effect030.html]
[madewithgsap.com/effects/tutorial030.html]
[madewithgsap.com/effects/effect031.html]
[madewithgsap.com/effects/tutorial031.html]
[madewithgsap.com/effects/effect032.html]
[madewithgsap.com/effects/tutorial032.html]
[madewithgsap.com/effects/effect033.html]
[madewithgsap.com/effects/tutorial033.html]
[madewithgsap.com/effects/effect034.html]
[madewithgsap.com/effects/tutorial034.html]
[madewithgsap.com/effects/effect035.html]
[madewithgsap.com/effects/tutorial035.html]
[madewithgsap.com/effects/effect036.html]
[madewithgsap.com/effects/tutorial036.html]
[madewithgsap.com/effects/effect037.html]
[madewithgsap.com/effects/tutorial037.html]
[madewithgsap.com/effects/effect038.html]
[madewithgsap.com/effects/tutorial038.html]
[madewithgsap.com/effects/effect039.html]
[madewithgsap.com/effects/tutorial039.html]
[madewithgsap.com/effects/effect040.html]
[madewithgsap.com/effects/tutorial040.html]
[madewithgsap.com/effects/effect041.html]
[madewithgsap.com/effects/tutorial041.html]
[madewithgsap.com/effects/effect042.html]
[madewithgsap.com/effects/tutorial042.html]
[madewithgsap.com/effects/effect043.html]
[madewithgsap.com/effects/tutorial043.html]
[madewithgsap.com/effects/effect044.html]
[madewithgsap.com/effects/tutorial044.html]
[madewithgsap.com/effects/effect045.html]
[madewithgsap.com/effects/tutorial045.html]
[madewithgsap.com/effects/effect046.html]
[madewithgsap.com/effects/tutorial046.html]
[madewithgsap.com/effects/effect047.html]
[madewithgsap.com/effects/tutorial047.html]
[madewithgsap.com/effects/effect048.html]
[madewithgsap.com/effects/tutorial048.html]
[madewithgsap.com/effects/effect049.html]
[madewithgsap.com/effects/tutorial049.html]
[madewithgsap.com/effects/effect050.html]
[madewithgsap.com/effects/tutorial050.html]
[michaelg.fr/_nuxt/entry.ek3VgjNu.css]
[madewithgsap.com/file-access7e96.css]
[madewithgsap.com/assets/img/effect/effects-g.svg]
[madewithgsap.com/assets/img/effect/arrow.svg]
[madewithgsap.com/assets/img/effect/pen-g.svg]
[madewithgsap.com/assets/img/tutorial/stack.svg]
[madewithgsap.com/assets/img/tutorial/copy.svg]
[madewithgsap.com/assets/img/tutorial/code.svg]
[madewithgsap.com/assets/img/tutorial/credit.svg]
[madewithgsap.com/assets/img/tutorial/link.svg]
[madewithgsap.com/assets/img/tutorial/download.svg]
[madewithgsap.com/assets/img/tutorial/view.svg]
[madewithgsap.com/assets/img/tutorial/lock.svg]
